TN:
SF:src/server.ts
FN:11,(anonymous_1)
FN:17,(anonymous_2)
FN:25,(anonymous_3)
FN:30,(anonymous_4)
FNF:4
FNH:3
FNDA:1,(anonymous_1)
FNDA:0,(anonymous_2)
FNDA:1,(anonymous_3)
FNDA:1,(anonymous_4)
DA:1,1
DA:2,1
DA:3,1
DA:4,1
DA:5,1
DA:6,1
DA:8,1
DA:11,1
DA:12,1
DA:13,1
DA:14,1
DA:15,1
DA:17,1
DA:18,0
DA:19,0
DA:22,1
DA:24,1
DA:25,1
DA:26,1
DA:30,1
DA:32,1
LF:21
LH:19
BRDA:30,0,0,1
BRDA:30,0,1,1
BRF:2
BRH:2
end_of_record
TN:
SF:src/config/config.ts
FNF:0
FNH:0
DA:1,1
DA:2,1
DA:4,1
DA:5,1
DA:7,1
DA:8,1
DA:10,1
LF:7
LH:7
BRDA:7,0,0,1
BRDA:7,0,1,1
BRDA:8,1,0,1
BRDA:8,1,1,0
BRF:4
BRH:3
end_of_record
TN:
SF:src/config/logging.ts
FN:36,getCallingFunction
FN:56,log
FN:60,info
FN:75,warn
FN:90,error
FNF:5
FNH:2
FNDA:0,getCallingFunction
FNDA:0,log
FNDA:4,info
FNDA:0,warn
FNDA:1,error
DA:1,1
DA:3,1
DA:36,1
DA:37,0
DA:38,0
DA:40,0
DA:42,0
DA:43,0
DA:44,0
DA:46,0
DA:48,0
DA:50,0
DA:52,0
DA:56,1
DA:57,0
DA:60,1
DA:61,4
DA:62,0
DA:75,1
DA:76,0
DA:77,0
DA:90,1
DA:91,1
DA:92,0
DA:105,1
DA:126,1
DA:128,1
LF:27
LH:12
BRDA:40,0,0,0
BRDA:46,1,0,0
BRDA:48,2,0,0
BRDA:57,3,0,0
BRDA:61,4,0,0
BRDA:76,5,0,0
BRDA:91,6,0,0
BRF:7
BRH:0
end_of_record
TN:
SF:src/middleware/corsHandler.ts
FN:4,corsHandler
FNF:1
FNH:1
FNDA:2,corsHandler
DA:4,1
DA:5,2
DA:6,2
DA:7,2
DA:9,2
DA:10,1
DA:11,1
DA:12,1
DA:14,1
LF:9
LH:9
BRDA:9,0,0,1
BRF:1
BRH:1
end_of_record
TN:
SF:src/middleware/loggingHandler.ts
FN:3,loggingHandler
FN:6,(anonymous_2)
FNF:2
FNH:2
FNDA:2,loggingHandler
FNDA:2,(anonymous_2)
DA:2,1
DA:3,1
DA:4,2
DA:6,2
DA:7,2
DA:10,2
LF:6
LH:6
BRF:0
BRH:0
end_of_record
TN:
SF:src/middleware/routeNotFound.ts
FN:3,routeNotFound
FNF:1
FNH:1
FNDA:1,routeNotFound
DA:3,1
DA:4,1
DA:5,1
DA:6,1
DA:7,1
LF:5
LH:5
BRF:0
BRH:0
end_of_record
